[1.943s] DEBUG:colcon:Command line arguments: ['/usr/bin/colcon', 'build']
[1.944s] DEBUG:colcon:Parsed command line arguments: Namespace(log_base=None, log_level=None, verb_name='build', build_base='build', install_base='install', merge_install=False, symlink_install=False, test_result_base=None, continue_on_error=False, executor='parallel', parallel_workers=32, event_handlers=None, ignore_user_meta=False, metas=['./colcon.meta'], base_paths=['.'], packages_ignore=None, packages_ignore_regex=None, paths=None, packages_up_to=None, packages_up_to_regex=None, packages_above=None, packages_above_and_dependencies=None, packages_above_depth=None, packages_select_by_dep=None, packages_skip_by_dep=None, packages_skip_up_to=None, packages_select_build_failed=False, packages_skip_build_finished=False, packages_select_test_failures=False, packages_skip_test_passed=False, packages_select=None, packages_skip=None, packages_select_regex=None, packages_skip_regex=None, packages_start=None, packages_end=None, cmake_args=None, cmake_target=None, cmake_target_skip_unavailable=False, cmake_clean_cache=False, cmake_clean_first=False, cmake_force_configure=False, ament_cmake_args=None, catkin_cmake_args=None, catkin_skip_building_tests=False, mixin_files=None, mixin=None, verb_parser=<colcon_mixin.mixin.mixin_argument.MixinArgumentDecorator object at 0x7fd68cd197b0>, verb_extension=<colcon_core.verb.build.BuildVerb object at 0x7fd68d0aae00>, main=<bound method BuildVerb.main of <colcon_core.verb.build.BuildVerb object at 0x7fd68d0aae00>>, mixin_verb=('build',))
[2.072s] Level 1:colcon.colcon_core.package_discovery:discover_packages(colcon_meta) check parameters
[2.073s] INFO:colcon.colcon_metadata.package_discovery.colcon_meta:Using configuration from '/root/.colcon/metadata/default/Gazebo.meta'
[2.074s] INFO:colcon.colcon_metadata.package_discovery.colcon_meta:Using configuration from '/root/.colcon/metadata/default/fastrtps.meta'
[2.074s] Level 1:colcon.colcon_core.package_discovery:discover_packages(recursive) check parameters
[2.074s] Level 1:colcon.colcon_core.package_discovery:discover_packages(ignore) check parameters
[2.075s] Level 1:colcon.colcon_core.package_discovery:discover_packages(path) check parameters
[2.075s] Level 1:colcon.colcon_core.package_discovery:discover_packages(colcon_meta) discover
[2.075s] Level 1:colcon.colcon_core.package_discovery:discover_packages(recursive) discover
[2.075s] INFO:colcon.colcon_core.package_discovery:Crawling recursively for packages in '/root/Humanoid/ros2_ws/src/bringup'
[2.075s] Level 1:colcon.colcon_core.package_identification:_identify(.) by extensions ['ignore', 'ignore_ament_install']
[2.076s] Level 1:colcon.colcon_core.package_identification:_identify(.) by extension 'ignore'
[2.076s] Level 1:colcon.colcon_core.package_identification:_identify(.) by extension 'ignore_ament_install'
[2.076s] Level 1:colcon.colcon_core.package_identification:_identify(.) by extensions ['colcon_pkg']
[2.076s] Level 1:colcon.colcon_core.package_identification:_identify(.) by extension 'colcon_pkg'
[2.076s] Level 1:colcon.colcon_core.package_identification:_identify(.) by extensions ['colcon_meta']
[2.076s] Level 1:colcon.colcon_core.package_identification:_identify(.) by extension 'colcon_meta'
[2.076s] Level 1:colcon.colcon_core.package_identification:_identify(.) by extensions ['ros']
[2.076s] Level 1:colcon.colcon_core.package_identification:_identify(.) by extension 'ros'
[2.093s] DEBUG:colcon.colcon_core.package_identification:Package '.' with type 'ros.ament_python' and name 'bringup'
[2.093s] Level 1:colcon.colcon_core.package_discovery:discover_packages(recursive) using defaults
[2.095s] Level 1:colcon.colcon_core.package_discovery:discover_packages(ignore) discover
[2.095s] Level 1:colcon.colcon_core.package_discovery:discover_packages(ignore) using defaults
[2.095s] Level 1:colcon.colcon_core.package_discovery:discover_packages(path) discover
[2.095s] Level 1:colcon.colcon_core.package_discovery:discover_packages(path) using defaults
[2.305s] Level 5:colcon.colcon_core.verb:set package 'bringup' build argument 'cmake_args' from command line to 'None'
[2.306s] Level 5:colcon.colcon_core.verb:set package 'bringup' build argument 'cmake_target' from command line to 'None'
[2.306s] Level 5:colcon.colcon_core.verb:set package 'bringup' build argument 'cmake_target_skip_unavailable' from command line to 'False'
[2.306s] Level 5:colcon.colcon_core.verb:set package 'bringup' build argument 'cmake_clean_cache' from command line to 'False'
[2.307s] Level 5:colcon.colcon_core.verb:set package 'bringup' build argument 'cmake_clean_first' from command line to 'False'
[2.307s] Level 5:colcon.colcon_core.verb:set package 'bringup' build argument 'cmake_force_configure' from command line to 'False'
[2.307s] Level 5:colcon.colcon_core.verb:set package 'bringup' build argument 'ament_cmake_args' from command line to 'None'
[2.307s] Level 5:colcon.colcon_core.verb:set package 'bringup' build argument 'catkin_cmake_args' from command line to 'None'
[2.307s] Level 5:colcon.colcon_core.verb:set package 'bringup' build argument 'catkin_skip_building_tests' from command line to 'False'
[2.307s] DEBUG:colcon.colcon_core.verb:Building package 'bringup' with the following arguments: {'ament_cmake_args': None, 'build_base': '/root/Humanoid/ros2_ws/src/bringup/build/bringup', 'catkin_cmake_args': None, 'catkin_skip_building_tests': False, 'cmake_args': None, 'cmake_clean_cache': False, 'cmake_clean_first': False, 'cmake_force_configure': False, 'cmake_target': None, 'cmake_target_skip_unavailable': False, 'install_base': '/root/Humanoid/ros2_ws/src/bringup/install/bringup', 'merge_install': False, 'path': '/root/Humanoid/ros2_ws/src/bringup', 'symlink_install': False, 'test_result_base': None}
[2.330s] INFO:colcon.colcon_core.executor:Executing jobs using 'parallel' executor
[2.355s] DEBUG:colcon.colcon_parallel_executor.executor.parallel:run_until_complete
[2.355s] INFO:colcon.colcon_ros.task.ament_python.build:Building ROS package in '/root/Humanoid/ros2_ws/src/bringup' with build type 'ament_python'
[2.355s] Level 1:colcon.colcon_core.shell:create_environment_hook('bringup', 'ament_prefix_path')
[2.399s] INFO:colcon.colcon_core.plugin_system:Skipping extension 'colcon_core.shell.bat': Not used on non-Windows systems
[2.400s] INFO:colcon.colcon_core.shell:Creating environment hook '/root/Humanoid/ros2_ws/src/bringup/install/bringup/share/bringup/hook/ament_prefix_path.ps1'
[2.407s] INFO:colcon.colcon_core.shell:Creating environment descriptor '/root/Humanoid/ros2_ws/src/bringup/install/bringup/share/bringup/hook/ament_prefix_path.dsv'
[2.413s] INFO:colcon.colcon_core.shell:Creating environment hook '/root/Humanoid/ros2_ws/src/bringup/install/bringup/share/bringup/hook/ament_prefix_path.sh'
[2.439s] INFO:colcon.colcon_core.shell:Skip shell extension 'powershell' for command environment: Not usable outside of PowerShell
[2.439s] DEBUG:colcon.colcon_core.shell:Skip shell extension 'dsv' for command environment
[3.772s] INFO:colcon.colcon_core.task.python.build:Building Python package in '/root/Humanoid/ros2_ws/src/bringup'
[3.802s] INFO:colcon.colcon_core.shell:Skip shell extension 'powershell' for command environment: Not usable outside of PowerShell
[3.802s] DEBUG:colcon.colcon_core.shell:Skip shell extension 'dsv' for command environment
[5.651s] DEBUG:colcon.colcon_core.event_handler.log_command:Invoking command in '/root/Humanoid/ros2_ws/src/bringup': PYTHONPATH=/root/Humanoid/ros2_ws/src/bringup/build/bringup/prefix_override:/root/Humanoid/ros2_ws/src/bringup/install/bringup/lib/python3.10/site-packages:${PYTHONPATH} /usr/bin/python3 setup.py egg_info --egg-base build/bringup build --build-base /root/Humanoid/ros2_ws/src/bringup/build/bringup/build install --record /root/Humanoid/ros2_ws/src/bringup/build/bringup/install.log --single-version-externally-managed
[7.569s] DEBUG:colcon.colcon_core.event_handler.log_command:Invoked command in '/root/Humanoid/ros2_ws/src/bringup' returned '0': PYTHONPATH=/root/Humanoid/ros2_ws/src/bringup/build/bringup/prefix_override:/root/Humanoid/ros2_ws/src/bringup/install/bringup/lib/python3.10/site-packages:${PYTHONPATH} /usr/bin/python3 setup.py egg_info --egg-base build/bringup build --build-base /root/Humanoid/ros2_ws/src/bringup/build/bringup/build install --record /root/Humanoid/ros2_ws/src/bringup/build/bringup/install.log --single-version-externally-managed
[7.606s] Level 1:colcon.colcon_core.environment:checking '/root/Humanoid/ros2_ws/src/bringup/install/bringup' for CMake module files
[7.622s] Level 1:colcon.colcon_core.environment:checking '/root/Humanoid/ros2_ws/src/bringup/install/bringup' for CMake config files
[7.654s] Level 1:colcon.colcon_core.environment:checking '/root/Humanoid/ros2_ws/src/bringup/install/bringup/lib'
[7.656s] Level 1:colcon.colcon_core.environment:checking '/root/Humanoid/ros2_ws/src/bringup/install/bringup/bin'
[7.657s] Level 1:colcon.colcon_core.environment:checking '/root/Humanoid/ros2_ws/src/bringup/install/bringup/lib/pkgconfig/bringup.pc'
[7.658s] Level 1:colcon.colcon_core.environment:checking '/root/Humanoid/ros2_ws/src/bringup/install/bringup/lib/python3.10/site-packages'
[7.659s] Level 1:colcon.colcon_core.shell:create_environment_hook('bringup', 'pythonpath')
[7.681s] INFO:colcon.colcon_core.shell:Creating environment hook '/root/Humanoid/ros2_ws/src/bringup/install/bringup/share/bringup/hook/pythonpath.ps1'
[7.690s] INFO:colcon.colcon_core.shell:Creating environment descriptor '/root/Humanoid/ros2_ws/src/bringup/install/bringup/share/bringup/hook/pythonpath.dsv'
[7.702s] INFO:colcon.colcon_core.shell:Creating environment hook '/root/Humanoid/ros2_ws/src/bringup/install/bringup/share/bringup/hook/pythonpath.sh'
[7.730s] Level 1:colcon.colcon_core.environment:checking '/root/Humanoid/ros2_ws/src/bringup/install/bringup/bin'
[7.731s] Level 1:colcon.colcon_core.environment:create_environment_scripts_only(bringup)
[7.752s] INFO:colcon.colcon_core.shell:Creating package script '/root/Humanoid/ros2_ws/src/bringup/install/bringup/share/bringup/package.ps1'
[7.758s] INFO:colcon.colcon_core.shell:Creating package descriptor '/root/Humanoid/ros2_ws/src/bringup/install/bringup/share/bringup/package.dsv'
[7.768s] INFO:colcon.colcon_core.shell:Creating package script '/root/Humanoid/ros2_ws/src/bringup/install/bringup/share/bringup/package.sh'
[7.776s] INFO:colcon.colcon_core.shell:Creating package script '/root/Humanoid/ros2_ws/src/bringup/install/bringup/share/bringup/package.bash'
[7.782s] INFO:colcon.colcon_core.shell:Creating package script '/root/Humanoid/ros2_ws/src/bringup/install/bringup/share/bringup/package.zsh'
[7.790s] Level 1:colcon.colcon_core.environment:create_file_with_runtime_dependencies(/root/Humanoid/ros2_ws/src/bringup/install/bringup/share/colcon-core/packages/bringup)
[7.798s] DEBUG:colcon.colcon_parallel_executor.executor.parallel:closing loop
[7.798s] DEBUG:colcon.colcon_parallel_executor.executor.parallel:loop closed
[7.798s] DEBUG:colcon.colcon_parallel_executor.executor.parallel:run_until_complete finished with '0'
[7.798s] DEBUG:colcon.colcon_core.event_reactor:joining thread
[7.865s] INFO:colcon.colcon_core.plugin_system:Skipping extension 'colcon_notification.desktop_notification.notify_send': Could not find 'notify-send'
[7.865s] INFO:colcon.colcon_core.plugin_system:Skipping extension 'colcon_notification.desktop_notification.terminal_notifier': Not used on non-Darwin systems
[7.865s] INFO:colcon.colcon_core.plugin_system:Skipping extension 'colcon_notification.desktop_notification.win32': Not used on non-Windows systems
[7.866s] INFO:colcon.colcon_notification.desktop_notification:Sending desktop notification using 'notify2'
[7.867s] DEBUG:colcon.colcon_notification.desktop_notification.notify2:Failed to initialize notify2: org.freedesktop.DBus.Error.NotSupported: Unable to autolaunch a dbus-daemon without a $DISPLAY for X11
[7.867s] DEBUG:colcon.colcon_core.event_reactor:joined thread
[7.889s] INFO:colcon.colcon_core.shell:Creating prefix script '/root/Humanoid/ros2_ws/src/bringup/install/local_setup.ps1'
[7.893s] INFO:colcon.colcon_core.shell:Creating prefix util module '/root/Humanoid/ros2_ws/src/bringup/install/_local_setup_util_ps1.py'
[7.898s] INFO:colcon.colcon_core.shell:Creating prefix chain script '/root/Humanoid/ros2_ws/src/bringup/install/setup.ps1'
[7.949s] INFO:colcon.colcon_core.shell:Creating prefix script '/root/Humanoid/ros2_ws/src/bringup/install/local_setup.sh'
[7.952s] INFO:colcon.colcon_core.shell:Creating prefix util module '/root/Humanoid/ros2_ws/src/bringup/install/_local_setup_util_sh.py'
[7.955s] INFO:colcon.colcon_core.shell:Creating prefix chain script '/root/Humanoid/ros2_ws/src/bringup/install/setup.sh'
[7.999s] INFO:colcon.colcon_core.shell:Creating prefix script '/root/Humanoid/ros2_ws/src/bringup/install/local_setup.bash'
[8.005s] INFO:colcon.colcon_core.shell:Creating prefix chain script '/root/Humanoid/ros2_ws/src/bringup/install/setup.bash'
[8.046s] INFO:colcon.colcon_core.shell:Creating prefix script '/root/Humanoid/ros2_ws/src/bringup/install/local_setup.zsh'
[8.049s] INFO:colcon.colcon_core.shell:Creating prefix chain script '/root/Humanoid/ros2_ws/src/bringup/install/setup.zsh'
