running egg_info
creating build/bringup/bringup.egg-info
writing build/bringup/bringup.egg-info/PKG-INFO
writing dependency_links to build/bringup/bringup.egg-info/dependency_links.txt
writing entry points to build/bringup/bringup.egg-info/entry_points.txt
writing requirements to build/bringup/bringup.egg-info/requires.txt
writing top-level names to build/bringup/bringup.egg-info/top_level.txt
writing manifest file 'build/bringup/bringup.egg-info/SOURCES.txt'
reading manifest file 'build/bringup/bringup.egg-info/SOURCES.txt'
writing manifest file 'build/bringup/bringup.egg-info/SOURCES.txt'
running build
running build_py
creating /root/Humanoid/ros2_ws/src/bringup/build/bringup/build
creating /root/Humanoid/ros2_ws/src/bringup/build/bringup/build/lib
creating /root/Humanoid/ros2_ws/src/bringup/build/bringup/build/lib/bringup
copying bringup/__init__.py -> /root/Humanoid/ros2_ws/src/bringup/build/bringup/build/lib/bringup
running install
running install_lib
creating /root/Humanoid/ros2_ws/src/bringup/install/bringup/lib/python3.10/site-packages/bringup
copying /root/Humanoid/ros2_ws/src/bringup/build/bringup/build/lib/bringup/__init__.py -> /root/Humanoid/ros2_ws/src/bringup/install/bringup/lib/python3.10/site-packages/bringup
byte-compiling /root/Humanoid/ros2_ws/src/bringup/install/bringup/lib/python3.10/site-packages/bringup/__init__.py to __init__.cpython-310.pyc
running install_data
creating /root/Humanoid/ros2_ws/src/bringup/install/bringup/share/ament_index
creating /root/Humanoid/ros2_ws/src/bringup/install/bringup/share/ament_index/resource_index
creating /root/Humanoid/ros2_ws/src/bringup/install/bringup/share/ament_index/resource_index/packages
copying resource/bringup -> /root/Humanoid/ros2_ws/src/bringup/install/bringup/share/ament_index/resource_index/packages
copying package.xml -> /root/Humanoid/ros2_ws/src/bringup/install/bringup/share/bringup
copying launch/hardware_interface.launch.py -> /root/Humanoid/ros2_ws/src/bringup/install/bringup/share/bringup
running install_egg_info
Copying build/bringup/bringup.egg-info to /root/Humanoid/ros2_ws/src/bringup/install/bringup/lib/python3.10/site-packages/bringup-0.0.0-py3.10.egg-info
running install_scripts
writing list of installed files to '/root/Humanoid/ros2_ws/src/bringup/build/bringup/install.log'
