[3.296s] Invoking command in '/root/Humanoid/ros2_ws/src/bringup': PYTHONPATH=/root/Humanoid/ros2_ws/src/bringup/build/bringup/prefix_override:/root/Humanoid/ros2_ws/src/bringup/install/bringup/lib/python3.10/site-packages:${PYTHONPATH} /usr/bin/python3 setup.py egg_info --egg-base build/bringup build --build-base /root/Humanoid/ros2_ws/src/bringup/build/bringup/build install --record /root/Humanoid/ros2_ws/src/bringup/build/bringup/install.log --single-version-externally-managed
[4.643s] running egg_info
[4.647s] creating build/bringup/bringup.egg-info
[4.650s] writing build/bringup/bringup.egg-info/PKG-INFO
[4.659s] writing dependency_links to build/bringup/bringup.egg-info/dependency_links.txt
[4.664s] writing entry points to build/bringup/bringup.egg-info/entry_points.txt
[4.667s] writing requirements to build/bringup/bringup.egg-info/requires.txt
[4.671s] writing top-level names to build/bringup/bringup.egg-info/top_level.txt
[4.676s] writing manifest file 'build/bringup/bringup.egg-info/SOURCES.txt'
[4.700s] reading manifest file 'build/bringup/bringup.egg-info/SOURCES.txt'
[4.739s] writing manifest file 'build/bringup/bringup.egg-info/SOURCES.txt'
[4.746s] running build
[4.747s] running build_py
[4.752s] creating /root/Humanoid/ros2_ws/src/bringup/build/bringup/build
[4.754s] creating /root/Humanoid/ros2_ws/src/bringup/build/bringup/build/lib
[4.755s] creating /root/Humanoid/ros2_ws/src/bringup/build/bringup/build/lib/bringup
[4.764s] copying bringup/__init__.py -> /root/Humanoid/ros2_ws/src/bringup/build/bringup/build/lib/bringup
[4.772s] running install
[4.773s] /usr/lib/python3/dist-packages/setuptools/command/install.py:34: SetuptoolsDeprecationWarning: setup.py install is deprecated. Use build and pip and other standards-based tools.
[4.774s]   warnings.warn(
[4.775s] running install_lib
[4.783s] creating /root/Humanoid/ros2_ws/src/bringup/install/bringup/lib/python3.10/site-packages/bringup
[4.792s] copying /root/Humanoid/ros2_ws/src/bringup/build/bringup/build/lib/bringup/__init__.py -> /root/Humanoid/ros2_ws/src/bringup/install/bringup/lib/python3.10/site-packages/bringup
[4.816s] byte-compiling /root/Humanoid/ros2_ws/src/bringup/install/bringup/lib/python3.10/site-packages/bringup/__init__.py to __init__.cpython-310.pyc
[4.850s] running install_data
[4.859s] creating /root/Humanoid/ros2_ws/src/bringup/install/bringup/share/ament_index
[4.867s] creating /root/Humanoid/ros2_ws/src/bringup/install/bringup/share/ament_index/resource_index
[4.872s] creating /root/Humanoid/ros2_ws/src/bringup/install/bringup/share/ament_index/resource_index/packages
[4.880s] copying resource/bringup -> /root/Humanoid/ros2_ws/src/bringup/install/bringup/share/ament_index/resource_index/packages
[4.894s] copying package.xml -> /root/Humanoid/ros2_ws/src/bringup/install/bringup/share/bringup
[4.904s] copying launch/hardware_interface.launch.py -> /root/Humanoid/ros2_ws/src/bringup/install/bringup/share/bringup
[4.911s] running install_egg_info
[4.926s] Copying build/bringup/bringup.egg-info to /root/Humanoid/ros2_ws/src/bringup/install/bringup/lib/python3.10/site-packages/bringup-0.0.0-py3.10.egg-info
[5.067s] running install_scripts
[5.199s] writing list of installed files to '/root/Humanoid/ros2_ws/src/bringup/build/bringup/install.log'
[5.213s] Invoked command in '/root/Humanoid/ros2_ws/src/bringup' returned '0': PYTHONPATH=/root/Humanoid/ros2_ws/src/bringup/build/bringup/prefix_override:/root/Humanoid/ros2_ws/src/bringup/install/bringup/lib/python3.10/site-packages:${PYTHONPATH} /usr/bin/python3 setup.py egg_info --egg-base build/bringup build --build-base /root/Humanoid/ros2_ws/src/bringup/build/bringup/build install --record /root/Humanoid/ros2_ws/src/bringup/build/bringup/install.log --single-version-externally-managed
