[2.307s] DEBUG:colcon:Command line arguments: ['/usr/bin/colcon', 'build']
[2.309s] DEBUG:colcon:Parsed command line arguments: Namespace(log_base=None, log_level=None, verb_name='build', build_base='build', install_base='install', merge_install=False, symlink_install=False, test_result_base=None, continue_on_error=False, executor='parallel', parallel_workers=32, event_handlers=None, ignore_user_meta=False, metas=['./colcon.meta'], base_paths=['.'], packages_ignore=None, packages_ignore_regex=None, paths=None, packages_up_to=None, packages_up_to_regex=None, packages_above=None, packages_above_and_dependencies=None, packages_above_depth=None, packages_select_by_dep=None, packages_skip_by_dep=None, packages_skip_up_to=None, packages_select_build_failed=False, packages_skip_build_finished=False, packages_select_test_failures=False, packages_skip_test_passed=False, packages_select=None, packages_skip=None, packages_select_regex=None, packages_skip_regex=None, packages_start=None, packages_end=None, cmake_args=None, cmake_target=None, cmake_target_skip_unavailable=False, cmake_clean_cache=False, cmake_clean_first=False, cmake_force_configure=False, ament_cmake_args=None, catkin_cmake_args=None, catkin_skip_building_tests=False, mixin_files=None, mixin=None, verb_parser=<colcon_mixin.mixin.mixin_argument.MixinArgumentDecorator object at 0x7f60a0e21a80>, verb_extension=<colcon_core.verb.build.BuildVerb object at 0x7f60a11b2e00>, main=<bound method BuildVerb.main of <colcon_core.verb.build.BuildVerb object at 0x7f60a11b2e00>>, mixin_verb=('build',))
[2.461s] Level 1:colcon.colcon_core.package_discovery:discover_packages(colcon_meta) check parameters
[2.461s] INFO:colcon.colcon_metadata.package_discovery.colcon_meta:Using configuration from '/root/.colcon/metadata/default/Gazebo.meta'
[2.463s] INFO:colcon.colcon_metadata.package_discovery.colcon_meta:Using configuration from '/root/.colcon/metadata/default/fastrtps.meta'
[2.463s] Level 1:colcon.colcon_core.package_discovery:discover_packages(recursive) check parameters
[2.463s] Level 1:colcon.colcon_core.package_discovery:discover_packages(ignore) check parameters
[2.464s] Level 1:colcon.colcon_core.package_discovery:discover_packages(path) check parameters
[2.464s] Level 1:colcon.colcon_core.package_discovery:discover_packages(colcon_meta) discover
[2.464s] Level 1:colcon.colcon_core.package_discovery:discover_packages(recursive) discover
[2.464s] INFO:colcon.colcon_core.package_discovery:Crawling recursively for packages in '/root/Humanoid/ros2_ws/src/bringup'
[2.464s] Level 1:colcon.colcon_core.package_identification:_identify(.) by extensions ['ignore', 'ignore_ament_install']
[2.465s] Level 1:colcon.colcon_core.package_identification:_identify(.) by extension 'ignore'
[2.465s] Level 1:colcon.colcon_core.package_identification:_identify(.) by extension 'ignore_ament_install'
[2.465s] Level 1:colcon.colcon_core.package_identification:_identify(.) by extensions ['colcon_pkg']
[2.465s] Level 1:colcon.colcon_core.package_identification:_identify(.) by extension 'colcon_pkg'
[2.465s] Level 1:colcon.colcon_core.package_identification:_identify(.) by extensions ['colcon_meta']
[2.465s] Level 1:colcon.colcon_core.package_identification:_identify(.) by extension 'colcon_meta'
[2.465s] Level 1:colcon.colcon_core.package_identification:_identify(.) by extensions ['ros']
[2.466s] Level 1:colcon.colcon_core.package_identification:_identify(.) by extension 'ros'
[2.489s] DEBUG:colcon.colcon_core.package_identification:Package '.' with type 'ros.ament_python' and name 'bringup'
[2.489s] Level 1:colcon.colcon_core.package_discovery:discover_packages(recursive) using defaults
[2.489s] Level 1:colcon.colcon_core.package_discovery:discover_packages(ignore) discover
[2.489s] Level 1:colcon.colcon_core.package_discovery:discover_packages(ignore) using defaults
[2.490s] Level 1:colcon.colcon_core.package_discovery:discover_packages(path) discover
[2.490s] Level 1:colcon.colcon_core.package_discovery:discover_packages(path) using defaults
[2.718s] Level 5:colcon.colcon_core.verb:set package 'bringup' build argument 'cmake_args' from command line to 'None'
[2.718s] Level 5:colcon.colcon_core.verb:set package 'bringup' build argument 'cmake_target' from command line to 'None'
[2.718s] Level 5:colcon.colcon_core.verb:set package 'bringup' build argument 'cmake_target_skip_unavailable' from command line to 'False'
[2.718s] Level 5:colcon.colcon_core.verb:set package 'bringup' build argument 'cmake_clean_cache' from command line to 'False'
[2.718s] Level 5:colcon.colcon_core.verb:set package 'bringup' build argument 'cmake_clean_first' from command line to 'False'
[2.718s] Level 5:colcon.colcon_core.verb:set package 'bringup' build argument 'cmake_force_configure' from command line to 'False'
[2.718s] Level 5:colcon.colcon_core.verb:set package 'bringup' build argument 'ament_cmake_args' from command line to 'None'
[2.718s] Level 5:colcon.colcon_core.verb:set package 'bringup' build argument 'catkin_cmake_args' from command line to 'None'
[2.719s] Level 5:colcon.colcon_core.verb:set package 'bringup' build argument 'catkin_skip_building_tests' from command line to 'False'
[2.719s] DEBUG:colcon.colcon_core.verb:Building package 'bringup' with the following arguments: {'ament_cmake_args': None, 'build_base': '/root/Humanoid/ros2_ws/src/bringup/build/bringup', 'catkin_cmake_args': None, 'catkin_skip_building_tests': False, 'cmake_args': None, 'cmake_clean_cache': False, 'cmake_clean_first': False, 'cmake_force_configure': False, 'cmake_target': None, 'cmake_target_skip_unavailable': False, 'install_base': '/root/Humanoid/ros2_ws/src/bringup/install/bringup', 'merge_install': False, 'path': '/root/Humanoid/ros2_ws/src/bringup', 'symlink_install': False, 'test_result_base': None}
[2.743s] INFO:colcon.colcon_core.executor:Executing jobs using 'parallel' executor
[2.773s] DEBUG:colcon.colcon_parallel_executor.executor.parallel:run_until_complete
[2.773s] INFO:colcon.colcon_ros.task.ament_python.build:Building ROS package in '/root/Humanoid/ros2_ws/src/bringup' with build type 'ament_python'
[2.774s] Level 1:colcon.colcon_core.shell:create_environment_hook('bringup', 'ament_prefix_path')
[2.831s] INFO:colcon.colcon_core.plugin_system:Skipping extension 'colcon_core.shell.bat': Not used on non-Windows systems
[2.831s] INFO:colcon.colcon_core.shell:Creating environment hook '/root/Humanoid/ros2_ws/src/bringup/install/bringup/share/bringup/hook/ament_prefix_path.ps1'
[2.838s] INFO:colcon.colcon_core.shell:Creating environment descriptor '/root/Humanoid/ros2_ws/src/bringup/install/bringup/share/bringup/hook/ament_prefix_path.dsv'
[2.844s] INFO:colcon.colcon_core.shell:Creating environment hook '/root/Humanoid/ros2_ws/src/bringup/install/bringup/share/bringup/hook/ament_prefix_path.sh'
[2.881s] INFO:colcon.colcon_core.shell:Skip shell extension 'powershell' for command environment: Not usable outside of PowerShell
[2.881s] DEBUG:colcon.colcon_core.shell:Skip shell extension 'dsv' for command environment
[4.309s] DEBUG:colcon.colcon_parallel_executor.executor.parallel:closing loop
[4.309s] DEBUG:colcon.colcon_parallel_executor.executor.parallel:loop closed
[4.309s] DEBUG:colcon.colcon_parallel_executor.executor.parallel:run_until_complete finished with 'Command '['/usr/bin/python3', '-c', 'import sys;from contextlib import suppress;exec("with suppress(ImportError):    from setuptools.extern.packaging.specifiers    import SpecifierSet");exec("with suppress(ImportError):    from packaging.specifiers import SpecifierSet");from distutils.core import run_setup;dist = run_setup(    \'setup.py\', script_args=(\'--dry-run\',), stop_after=\'config\');skip_keys = (\'cmdclass\', \'distclass\', \'ext_modules\', \'metadata\');data = {    key: value for key, value in dist.__dict__.items()     if (        not key.startswith(\'_\') and         not callable(value) and         key not in skip_keys and         key not in dist.display_option_names    )};data[\'metadata\'] = {    k: v for k, v in dist.metadata.__dict__.items()     if k not in (\'license_files\', \'provides_extras\')};sys.stdout.buffer.write(repr(data).encode(\'utf-8\'))']' returned non-zero exit status 1.'
[4.310s] DEBUG:colcon.colcon_core.event_reactor:joining thread
[4.363s] INFO:colcon.colcon_core.plugin_system:Skipping extension 'colcon_notification.desktop_notification.notify_send': Could not find 'notify-send'
[4.363s] INFO:colcon.colcon_core.plugin_system:Skipping extension 'colcon_notification.desktop_notification.terminal_notifier': Not used on non-Darwin systems
[4.363s] INFO:colcon.colcon_core.plugin_system:Skipping extension 'colcon_notification.desktop_notification.win32': Not used on non-Windows systems
[4.363s] INFO:colcon.colcon_notification.desktop_notification:Sending desktop notification using 'notify2'
[4.363s] DEBUG:colcon.colcon_notification.desktop_notification.notify2:Failed to initialize notify2: org.freedesktop.DBus.Error.NotSupported: Unable to autolaunch a dbus-daemon without a $DISPLAY for X11
[4.363s] DEBUG:colcon.colcon_core.event_reactor:joined thread
[4.444s] INFO:colcon.colcon_core.shell:Creating prefix script '/root/Humanoid/ros2_ws/src/bringup/install/local_setup.ps1'
[4.491s] INFO:colcon.colcon_core.shell:Creating prefix util module '/root/Humanoid/ros2_ws/src/bringup/install/_local_setup_util_ps1.py'
[4.494s] INFO:colcon.colcon_core.shell:Creating prefix chain script '/root/Humanoid/ros2_ws/src/bringup/install/setup.ps1'
[4.640s] INFO:colcon.colcon_core.shell:Creating prefix script '/root/Humanoid/ros2_ws/src/bringup/install/local_setup.sh'
[4.642s] INFO:colcon.colcon_core.shell:Creating prefix util module '/root/Humanoid/ros2_ws/src/bringup/install/_local_setup_util_sh.py'
[4.644s] INFO:colcon.colcon_core.shell:Creating prefix chain script '/root/Humanoid/ros2_ws/src/bringup/install/setup.sh'
[4.677s] INFO:colcon.colcon_core.shell:Creating prefix script '/root/Humanoid/ros2_ws/src/bringup/install/local_setup.bash'
[4.680s] INFO:colcon.colcon_core.shell:Creating prefix chain script '/root/Humanoid/ros2_ws/src/bringup/install/setup.bash'
[4.712s] INFO:colcon.colcon_core.shell:Creating prefix script '/root/Humanoid/ros2_ws/src/bringup/install/local_setup.zsh'
[4.714s] INFO:colcon.colcon_core.shell:Creating prefix chain script '/root/Humanoid/ros2_ws/src/bringup/install/setup.zsh'
